This file contains any messages produced by compilers while
running configure, to aid debugging if configure makes a mistake.

It was created by cackey configure 0.6.6.201207191606, which was
generated by GNU Autoconf 2.65.  Invocation command line was

  $ ./configure --with-pcsc-headers=/home/magnus/p/cackey-github/build/cackey_win64_build/include --with-pcsc-libs=-L/home/magnus/p/cackey-github/build/cackey_win64_build/lib -lwinscard --host=x86_64-w64-mingw32 CPPFLAGS=-I/home/magnus/p/cackey-github/build/cackey_win64_build/include

## --------- ##
## Platform. ##
## --------- ##

hostname = ip-10-178-46-98
uname -m = x86_64
uname -r = 3.11.0-14-generic
uname -s = Linux
uname -v = #21-Ubuntu SMP Tue Nov 12 17:04:55 UTC 2013

/usr/bin/uname -p = unknown
/bin/uname -X     = unknown

/bin/arch              = unknown
/usr/bin/arch -k       = unknown
/usr/convex/getsysinfo = unknown
/usr/bin/hostinfo      = unknown
/bin/machine           = unknown
/usr/bin/oslevel       = unknown
/bin/universe          = unknown

PATH: /home/magnus/bin
PATH: /usr/local/sbin
PATH: /usr/local/bin
PATH: /usr/sbin
PATH: /usr/bin
PATH: /sbin
PATH: /bin
PATH: /usr/games
PATH: /usr/local/games


## ----------- ##
## Core tests. ##
## ----------- ##

configure:2103: checking for x86_64-w64-mingw32-gcc
configure:2119: found /usr/bin/x86_64-w64-mingw32-gcc
configure:2130: result: x86_64-w64-mingw32-gcc
configure:2399: checking for C compiler version
configure:2408: x86_64-w64-mingw32-gcc --version >&5
x86_64-w64-mingw32-gcc (GCC) 4.6.3
Copyright (C) 2011 Free Software Foundation, Inc.
This is free software; see the source for copying conditions.  There is NO
warranty; not even for MERCHANTABILITY or FITNESS FOR A PARTICULAR PURPOSE.

configure:2419: $? = 0
configure:2408: x86_64-w64-mingw32-gcc -v >&5
Using built-in specs.
COLLECT_GCC=x86_64-w64-mingw32-gcc
COLLECT_LTO_WRAPPER=/usr/lib/gcc/x86_64-w64-mingw32/4.6/lto-wrapper
Target: x86_64-w64-mingw32
Configured with: ../../src/configure --build=x86_64-linux-gnu --prefix=/usr --includedir='/usr/include' --mandir='/usr/share/man' --infodir='/usr/share/info' --sysconfdir=/etc --localstatedir=/var --libexecdir='/usr/lib/gcc-mingw-w64' --disable-maintainer-mode --disable-dependency-tracking --prefix=/usr --enable-shared --enable-static --disable-multilib --enable-linker-build-id --with-system-zlib --libexecdir=/usr/lib --without-included-gettext --libdir=/usr/lib --enable-libstdcxx-time=yes --with-tune=generic --enable-version-specific-runtime-libs --enable-threads=win32 --enable-fully-dynamic-string --enable-sjlj-exceptions --enable-languages=c,c++,fortran,objc,obj-c++,ada --enable-lto --with-plugin-ld --target=x86_64-w64-mingw32 --with-gxx-include-dir=/usr/include/c++/4.6 --with-as=/usr/bin/x86_64-w64-mingw32-as --with-ld=/usr/bin/x86_64-w64-mingw32-ld
Thread model: win32
gcc version 4.6.3 (GCC) 
configure:2419: $? = 0
configure:2408: x86_64-w64-mingw32-gcc -V >&5
x86_64-w64-mingw32-gcc: error: unrecognized option '-V'
x86_64-w64-mingw32-gcc: fatal error: no input files
compilation terminated.
configure:2419: $? = 4
configure:2408: x86_64-w64-mingw32-gcc -qversion >&5
x86_64-w64-mingw32-gcc: error: unrecognized option '-qversion'
x86_64-w64-mingw32-gcc: fatal error: no input files
compilation terminated.
configure:2419: $? = 4
configure:2439: checking whether the C compiler works
configure:2461: x86_64-w64-mingw32-gcc  -I/home/magnus/p/cackey-github/build/cackey_win64_build/include  conftest.c  >&5
configure:2465: $? = 0
configure:2514: result: yes
configure:2517: checking for C compiler default output file name
configure:2519: result: a.exe
configure:2525: checking for suffix of executables
configure:2532: x86_64-w64-mingw32-gcc -o conftest.exe  -I/home/magnus/p/cackey-github/build/cackey_win64_build/include  conftest.c  >&5
configure:2536: $? = 0
configure:2558: result: .exe
configure:2580: checking whether we are cross compiling
configure:2588: x86_64-w64-mingw32-gcc -o conftest.exe  -I/home/magnus/p/cackey-github/build/cackey_win64_build/include  conftest.c  >&5
configure:2592: $? = 0
configure:2599: ./conftest.exe
./configure: line 2601: ./conftest.exe: cannot execute binary file
configure:2603: $? = 126
configure:2618: result: yes
configure:2623: checking for suffix of object files
configure:2645: x86_64-w64-mingw32-gcc -c  -I/home/magnus/p/cackey-github/build/cackey_win64_build/include conftest.c >&5
configure:2649: $? = 0
configure:2670: result: o
configure:2674: checking whether we are using the GNU C compiler
configure:2693: x86_64-w64-mingw32-gcc -c  -I/home/magnus/p/cackey-github/build/cackey_win64_build/include conftest.c >&5
configure:2693: $? = 0
configure:2702: result: yes
configure:2711: checking whether x86_64-w64-mingw32-gcc accepts -g
configure:2731: x86_64-w64-mingw32-gcc -c -g -I/home/magnus/p/cackey-github/build/cackey_win64_build/include conftest.c >&5
configure:2731: $? = 0
configure:2772: result: yes
configure:2789: checking for x86_64-w64-mingw32-gcc option to accept ISO C89
configure:2853: x86_64-w64-mingw32-gcc  -c -g -O2 -I/home/magnus/p/cackey-github/build/cackey_win64_build/include conftest.c >&5
configure:2853: $? = 0
configure:2866: result: none needed
configure:2886: checking whether make sets $(MAKE)
configure:2908: result: yes
configure:2954: checking for a BSD-compatible install
configure:3022: result: /usr/bin/install -c
configure:3039: checking how to run the C preprocessor
configure:3070: x86_64-w64-mingw32-gcc -E -I/home/magnus/p/cackey-github/build/cackey_win64_build/include conftest.c
configure:3070: $? = 0
configure:3084: x86_64-w64-mingw32-gcc -E -I/home/magnus/p/cackey-github/build/cackey_win64_build/include conftest.c
conftest.c:9:28: fatal error: ac_nonexistent.h: No such file or directory
compilation terminated.
configure:3084: $? = 1
configure: failed program was:
| /* confdefs.h */
| #define PACKAGE_NAME "cackey"
| #define PACKAGE_TARNAME "cackey"
| #define PACKAGE_VERSION "0.6.6.201207191606"
| #define PACKAGE_STRING "cackey 0.6.6.201207191606"
| #define PACKAGE_BUGREPORT ""
| #define PACKAGE_URL ""
| /* end confdefs.h.  */
| #include <ac_nonexistent.h>
configure:3109: result: x86_64-w64-mingw32-gcc -E
configure:3129: x86_64-w64-mingw32-gcc -E -I/home/magnus/p/cackey-github/build/cackey_win64_build/include conftest.c
configure:3129: $? = 0
configure:3143: x86_64-w64-mingw32-gcc -E -I/home/magnus/p/cackey-github/build/cackey_win64_build/include conftest.c
conftest.c:9:28: fatal error: ac_nonexistent.h: No such file or directory
compilation terminated.
configure:3143: $? = 1
configure: failed program was:
| /* confdefs.h */
| #define PACKAGE_NAME "cackey"
| #define PACKAGE_TARNAME "cackey"
| #define PACKAGE_VERSION "0.6.6.201207191606"
| #define PACKAGE_STRING "cackey 0.6.6.201207191606"
| #define PACKAGE_BUGREPORT ""
| #define PACKAGE_URL ""
| /* end confdefs.h.  */
| #include <ac_nonexistent.h>
configure:3172: checking for grep that handles long lines and -e
configure:3230: result: /bin/grep
configure:3235: checking for egrep
configure:3297: result: /bin/grep -E
configure:3302: checking for ANSI C header files
configure:3322: x86_64-w64-mingw32-gcc -c -g -O2 -I/home/magnus/p/cackey-github/build/cackey_win64_build/include conftest.c >&5
configure:3322: $? = 0
configure:3406: result: yes
configure:3419: checking for sys/types.h
configure:3419: x86_64-w64-mingw32-gcc -c -g -O2 -I/home/magnus/p/cackey-github/build/cackey_win64_build/include conftest.c >&5
configure:3419: $? = 0
configure:3419: result: yes
configure:3419: checking for sys/stat.h
configure:3419: x86_64-w64-mingw32-gcc -c -g -O2 -I/home/magnus/p/cackey-github/build/cackey_win64_build/include conftest.c >&5
configure:3419: $? = 0
configure:3419: result: yes
configure:3419: checking for stdlib.h
configure:3419: x86_64-w64-mingw32-gcc -c -g -O2 -I/home/magnus/p/cackey-github/build/cackey_win64_build/include conftest.c >&5
configure:3419: $? = 0
configure:3419: result: yes
configure:3419: checking for string.h
configure:3419: x86_64-w64-mingw32-gcc -c -g -O2 -I/home/magnus/p/cackey-github/build/cackey_win64_build/include conftest.c >&5
configure:3419: $? = 0
configure:3419: result: yes
configure:3419: checking for memory.h
configure:3419: x86_64-w64-mingw32-gcc -c -g -O2 -I/home/magnus/p/cackey-github/build/cackey_win64_build/include conftest.c >&5
configure:3419: $? = 0
configure:3419: result: yes
configure:3419: checking for strings.h
configure:3419: x86_64-w64-mingw32-gcc -c -g -O2 -I/home/magnus/p/cackey-github/build/cackey_win64_build/include conftest.c >&5
configure:3419: $? = 0
configure:3419: result: yes
configure:3419: checking for inttypes.h
configure:3419: x86_64-w64-mingw32-gcc -c -g -O2 -I/home/magnus/p/cackey-github/build/cackey_win64_build/include conftest.c >&5
configure:3419: $? = 0
configure:3419: result: yes
configure:3419: checking for stdint.h
configure:3419: x86_64-w64-mingw32-gcc -c -g -O2 -I/home/magnus/p/cackey-github/build/cackey_win64_build/include conftest.c >&5
configure:3419: $? = 0
configure:3419: result: yes
configure:3419: checking for unistd.h
configure:3419: x86_64-w64-mingw32-gcc -c -g -O2 -I/home/magnus/p/cackey-github/build/cackey_win64_build/include conftest.c >&5
configure:3419: $? = 0
configure:3419: result: yes
configure:3433: checking minix/config.h usability
configure:3433: x86_64-w64-mingw32-gcc -c -g -O2 -I/home/magnus/p/cackey-github/build/cackey_win64_build/include conftest.c >&5
conftest.c:52:26: fatal error: minix/config.h: No such file or directory
compilation terminated.
configure:3433: $? = 1
configure: failed program was:
| /* confdefs.h */
| #define PACKAGE_NAME "cackey"
| #define PACKAGE_TARNAME "cackey"
| #define PACKAGE_VERSION "0.6.6.201207191606"
| #define PACKAGE_STRING "cackey 0.6.6.201207191606"
| #define PACKAGE_BUGREPORT ""
| #define PACKAGE_URL ""
| #define STDC_HEADERS 1
| #define HAVE_SYS_TYPES_H 1
| #define HAVE_SYS_STAT_H 1
| #define HAVE_STDLIB_H 1
| #define HAVE_STRING_H 1
| #define HAVE_MEMORY_H 1
| #define HAVE_STRINGS_H 1
| #define HAVE_INTTYPES_H 1
| #define HAVE_STDINT_H 1
| #define HAVE_UNISTD_H 1
| /* end confdefs.h.  */
| #include <stdio.h>
| #ifdef HAVE_SYS_TYPES_H
| # include <sys/types.h>
| #endif
| #ifdef HAVE_SYS_STAT_H
| # include <sys/stat.h>
| #endif
| #ifdef STDC_HEADERS
| # include <stdlib.h>
| # include <stddef.h>
| #else
| # ifdef HAVE_STDLIB_H
| #  include <stdlib.h>
| # endif
| #endif
| #ifdef HAVE_STRING_H
| # if !defined STDC_HEADERS && defined HAVE_MEMORY_H
| #  include <memory.h>
| # endif
| # include <string.h>
| #endif
| #ifdef HAVE_STRINGS_H
| # include <strings.h>
| #endif
| #ifdef HAVE_INTTYPES_H
| # include <inttypes.h>
| #endif
| #ifdef HAVE_STDINT_H
| # include <stdint.h>
| #endif
| #ifdef HAVE_UNISTD_H
| # include <unistd.h>
| #endif
| #include <minix/config.h>
configure:3433: result: no
configure:3433: checking minix/config.h presence
configure:3433: x86_64-w64-mingw32-gcc -E -I/home/magnus/p/cackey-github/build/cackey_win64_build/include conftest.c
conftest.c:19:26: fatal error: minix/config.h: No such file or directory
compilation terminated.
configure:3433: $? = 1
configure: failed program was:
| /* confdefs.h */
| #define PACKAGE_NAME "cackey"
| #define PACKAGE_TARNAME "cackey"
| #define PACKAGE_VERSION "0.6.6.201207191606"
| #define PACKAGE_STRING "cackey 0.6.6.201207191606"
| #define PACKAGE_BUGREPORT ""
| #define PACKAGE_URL ""
| #define STDC_HEADERS 1
| #define HAVE_SYS_TYPES_H 1
| #define HAVE_SYS_STAT_H 1
| #define HAVE_STDLIB_H 1
| #define HAVE_STRING_H 1
| #define HAVE_MEMORY_H 1
| #define HAVE_STRINGS_H 1
| #define HAVE_INTTYPES_H 1
| #define HAVE_STDINT_H 1
| #define HAVE_UNISTD_H 1
| /* end confdefs.h.  */
| #include <minix/config.h>
configure:3433: result: no
configure:3433: checking for minix/config.h
configure:3433: result: no
configure:3454: checking whether it is safe to define __EXTENSIONS__
configure:3472: x86_64-w64-mingw32-gcc -c -g -O2 -I/home/magnus/p/cackey-github/build/cackey_win64_build/include conftest.c >&5
configure:3472: $? = 0
configure:3479: result: yes
configure:3505: checking build system type
configure:3519: result: x86_64-unknown-linux-gnu
configure:3539: checking host system type
configure:3552: result: x86_64-w64-mingw32
configure:3581: checking host operating system
configure:3583: result: mingw32
configure:3617: checking how to create shared objects
configure:4011: result: -shared -Wl,--dll -Wl,--enable-auto-image-base -Wl,--output-def,$@.def,--out-implib,$@.a -DPIC
configure:4141: checking for the pthreads library -lpthreads
configure:4174: x86_64-w64-mingw32-gcc -o conftest.exe -g -O2 -mms-bitfields  -I/home/magnus/p/cackey-github/build/cackey_win64_build/include -mms-bitfields  conftest.c -lpthreads  >&5
conftest.c: In function 'main':
conftest.c:30:22: error: invalid type argument of unary '*' (have 'int')
configure:4174: $? = 1
configure: failed program was:
| /* confdefs.h */
| #define PACKAGE_NAME "cackey"
| #define PACKAGE_TARNAME "cackey"
| #define PACKAGE_VERSION "0.6.6.201207191606"
| #define PACKAGE_STRING "cackey 0.6.6.201207191606"
| #define PACKAGE_BUGREPORT ""
| #define PACKAGE_URL ""
| #define STDC_HEADERS 1
| #define HAVE_SYS_TYPES_H 1
| #define HAVE_SYS_STAT_H 1
| #define HAVE_STDLIB_H 1
| #define HAVE_STRING_H 1
| #define HAVE_MEMORY_H 1
| #define HAVE_STRINGS_H 1
| #define HAVE_INTTYPES_H 1
| #define HAVE_STDINT_H 1
| #define HAVE_UNISTD_H 1
| #define __EXTENSIONS__ 1
| #define _ALL_SOURCE 1
| #define _GNU_SOURCE 1
| #define _POSIX_PTHREAD_SEMANTICS 1
| #define _TANDEM_SOURCE 1
| /* end confdefs.h.  */
| #include <pthread.h>
| int
| main ()
| {
| pthread_t th; pthread_join(th, 0);
|                      pthread_attr_init(0); pthread_cleanup_push(0, 0);
|                      pthread_create(0,0,0,0); pthread_cleanup_pop(0);
|   ;
|   return 0;
| }
configure:4183: result: no
configure:4130: checking whether pthreads work without any flags
configure:4174: x86_64-w64-mingw32-gcc -o conftest.exe -g -O2 -mms-bitfields  -I/home/magnus/p/cackey-github/build/cackey_win64_build/include -mms-bitfields  conftest.c   >&5
conftest.c: In function 'main':
conftest.c:30:22: error: invalid type argument of unary '*' (have 'int')
configure:4174: $? = 1
configure: failed program was:
| /* confdefs.h */
| #define PACKAGE_NAME "cackey"
| #define PACKAGE_TARNAME "cackey"
| #define PACKAGE_VERSION "0.6.6.201207191606"
| #define PACKAGE_STRING "cackey 0.6.6.201207191606"
| #define PACKAGE_BUGREPORT ""
| #define PACKAGE_URL ""
| #define STDC_HEADERS 1
| #define HAVE_SYS_TYPES_H 1
| #define HAVE_SYS_STAT_H 1
| #define HAVE_STDLIB_H 1
| #define HAVE_STRING_H 1
| #define HAVE_MEMORY_H 1
| #define HAVE_STRINGS_H 1
| #define HAVE_INTTYPES_H 1
| #define HAVE_STDINT_H 1
| #define HAVE_UNISTD_H 1
| #define __EXTENSIONS__ 1
| #define _ALL_SOURCE 1
| #define _GNU_SOURCE 1
| #define _POSIX_PTHREAD_SEMANTICS 1
| #define _TANDEM_SOURCE 1
| /* end confdefs.h.  */
| #include <pthread.h>
| int
| main ()
| {
| pthread_t th; pthread_join(th, 0);
|                      pthread_attr_init(0); pthread_cleanup_push(0, 0);
|                      pthread_create(0,0,0,0); pthread_cleanup_pop(0);
|   ;
|   return 0;
| }
configure:4183: result: no
configure:4135: checking whether pthreads work with -Kthread
configure:4174: x86_64-w64-mingw32-gcc -o conftest.exe -g -O2 -mms-bitfields -Kthread -I/home/magnus/p/cackey-github/build/cackey_win64_build/include -mms-bitfields  conftest.c   >&5
x86_64-w64-mingw32-gcc: error: unrecognized option '-Kthread'
configure:4174: $? = 1
configure: failed program was:
| /* confdefs.h */
| #define PACKAGE_NAME "cackey"
| #define PACKAGE_TARNAME "cackey"
| #define PACKAGE_VERSION "0.6.6.201207191606"
| #define PACKAGE_STRING "cackey 0.6.6.201207191606"
| #define PACKAGE_BUGREPORT ""
| #define PACKAGE_URL ""
| #define STDC_HEADERS 1
| #define HAVE_SYS_TYPES_H 1
| #define HAVE_SYS_STAT_H 1
| #define HAVE_STDLIB_H 1
| #define HAVE_STRING_H 1
| #define HAVE_MEMORY_H 1
| #define HAVE_STRINGS_H 1
| #define HAVE_INTTYPES_H 1
| #define HAVE_STDINT_H 1
| #define HAVE_UNISTD_H 1
| #define __EXTENSIONS__ 1
| #define _ALL_SOURCE 1
| #define _GNU_SOURCE 1
| #define _POSIX_PTHREAD_SEMANTICS 1
| #define _TANDEM_SOURCE 1
| /* end confdefs.h.  */
| #include <pthread.h>
| int
| main ()
| {
| pthread_t th; pthread_join(th, 0);
|                      pthread_attr_init(0); pthread_cleanup_push(0, 0);
|                      pthread_create(0,0,0,0); pthread_cleanup_pop(0);
|   ;
|   return 0;
| }
configure:4183: result: no
configure:4135: checking whether pthreads work with -kthread
configure:4174: x86_64-w64-mingw32-gcc -o conftest.exe -g -O2 -mms-bitfields -kthread -I/home/magnus/p/cackey-github/build/cackey_win64_build/include -mms-bitfields  conftest.c   >&5
x86_64-w64-mingw32-gcc: error: unrecognized option '-kthread'
configure:4174: $? = 1
configure: failed program was:
| /* confdefs.h */
| #define PACKAGE_NAME "cackey"
| #define PACKAGE_TARNAME "cackey"
| #define PACKAGE_VERSION "0.6.6.201207191606"
| #define PACKAGE_STRING "cackey 0.6.6.201207191606"
| #define PACKAGE_BUGREPORT ""
| #define PACKAGE_URL ""
| #define STDC_HEADERS 1
| #define HAVE_SYS_TYPES_H 1
| #define HAVE_SYS_STAT_H 1
| #define HAVE_STDLIB_H 1
| #define HAVE_STRING_H 1
| #define HAVE_MEMORY_H 1
| #define HAVE_STRINGS_H 1
| #define HAVE_INTTYPES_H 1
| #define HAVE_STDINT_H 1
| #define HAVE_UNISTD_H 1
| #define __EXTENSIONS__ 1
| #define _ALL_SOURCE 1
| #define _GNU_SOURCE 1
| #define _POSIX_PTHREAD_SEMANTICS 1
| #define _TANDEM_SOURCE 1
| /* end confdefs.h.  */
| #include <pthread.h>
| int
| main ()
| {
| pthread_t th; pthread_join(th, 0);
|                      pthread_attr_init(0); pthread_cleanup_push(0, 0);
|                      pthread_create(0,0,0,0); pthread_cleanup_pop(0);
|   ;
|   return 0;
| }
configure:4183: result: no
configure:4141: checking for the pthreads library -llthread
configure:4174: x86_64-w64-mingw32-gcc -o conftest.exe -g -O2 -mms-bitfields  -I/home/magnus/p/cackey-github/build/cackey_win64_build/include -mms-bitfields  conftest.c -llthread  >&5
conftest.c: In function 'main':
conftest.c:30:22: error: invalid type argument of unary '*' (have 'int')
configure:4174: $? = 1
configure: failed program was:
| /* confdefs.h */
| #define PACKAGE_NAME "cackey"
| #define PACKAGE_TARNAME "cackey"
| #define PACKAGE_VERSION "0.6.6.201207191606"
| #define PACKAGE_STRING "cackey 0.6.6.201207191606"
| #define PACKAGE_BUGREPORT ""
| #define PACKAGE_URL ""
| #define STDC_HEADERS 1
| #define HAVE_SYS_TYPES_H 1
| #define HAVE_SYS_STAT_H 1
| #define HAVE_STDLIB_H 1
| #define HAVE_STRING_H 1
| #define HAVE_MEMORY_H 1
| #define HAVE_STRINGS_H 1
| #define HAVE_INTTYPES_H 1
| #define HAVE_STDINT_H 1
| #define HAVE_UNISTD_H 1
| #define __EXTENSIONS__ 1
| #define _ALL_SOURCE 1
| #define _GNU_SOURCE 1
| #define _POSIX_PTHREAD_SEMANTICS 1
| #define _TANDEM_SOURCE 1
| /* end confdefs.h.  */
| #include <pthread.h>
| int
| main ()
| {
| pthread_t th; pthread_join(th, 0);
|                      pthread_attr_init(0); pthread_cleanup_push(0, 0);
|                      pthread_create(0,0,0,0); pthread_cleanup_pop(0);
|   ;
|   return 0;
| }
configure:4183: result: no
configure:4141: checking for the pthreads library -lpthread
configure:4174: x86_64-w64-mingw32-gcc -o conftest.exe -g -O2 -mms-bitfields  -I/home/magnus/p/cackey-github/build/cackey_win64_build/include -mms-bitfields  conftest.c -lpthread  >&5
conftest.c: In function 'main':
conftest.c:30:22: error: invalid type argument of unary '*' (have 'int')
configure:4174: $? = 1
configure: failed program was:
| /* confdefs.h */
| #define PACKAGE_NAME "cackey"
| #define PACKAGE_TARNAME "cackey"
| #define PACKAGE_VERSION "0.6.6.201207191606"
| #define PACKAGE_STRING "cackey 0.6.6.201207191606"
| #define PACKAGE_BUGREPORT ""
| #define PACKAGE_URL ""
| #define STDC_HEADERS 1
| #define HAVE_SYS_TYPES_H 1
| #define HAVE_SYS_STAT_H 1
| #define HAVE_STDLIB_H 1
| #define HAVE_STRING_H 1
| #define HAVE_MEMORY_H 1
| #define HAVE_STRINGS_H 1
| #define HAVE_INTTYPES_H 1
| #define HAVE_STDINT_H 1
| #define HAVE_UNISTD_H 1
| #define __EXTENSIONS__ 1
| #define _ALL_SOURCE 1
| #define _GNU_SOURCE 1
| #define _POSIX_PTHREAD_SEMANTICS 1
| #define _TANDEM_SOURCE 1
| /* end confdefs.h.  */
| #include <pthread.h>
| int
| main ()
| {
| pthread_t th; pthread_join(th, 0);
|                      pthread_attr_init(0); pthread_cleanup_push(0, 0);
|                      pthread_create(0,0,0,0); pthread_cleanup_pop(0);
|   ;
|   return 0;
| }
configure:4183: result: no
configure:4135: checking whether pthreads work with -pthread
configure:4174: x86_64-w64-mingw32-gcc -o conftest.exe -g -O2 -mms-bitfields -pthread -I/home/magnus/p/cackey-github/build/cackey_win64_build/include -mms-bitfields  conftest.c   >&5
x86_64-w64-mingw32-gcc: error: unrecognized option '-pthread'
configure:4174: $? = 1
configure: failed program was:
| /* confdefs.h */
| #define PACKAGE_NAME "cackey"
| #define PACKAGE_TARNAME "cackey"
| #define PACKAGE_VERSION "0.6.6.201207191606"
| #define PACKAGE_STRING "cackey 0.6.6.201207191606"
| #define PACKAGE_BUGREPORT ""
| #define PACKAGE_URL ""
| #define STDC_HEADERS 1
| #define HAVE_SYS_TYPES_H 1
| #define HAVE_SYS_STAT_H 1
| #define HAVE_STDLIB_H 1
| #define HAVE_STRING_H 1
| #define HAVE_MEMORY_H 1
| #define HAVE_STRINGS_H 1
| #define HAVE_INTTYPES_H 1
| #define HAVE_STDINT_H 1
| #define HAVE_UNISTD_H 1
| #define __EXTENSIONS__ 1
| #define _ALL_SOURCE 1
| #define _GNU_SOURCE 1
| #define _POSIX_PTHREAD_SEMANTICS 1
| #define _TANDEM_SOURCE 1
| /* end confdefs.h.  */
| #include <pthread.h>
| int
| main ()
| {
| pthread_t th; pthread_join(th, 0);
|                      pthread_attr_init(0); pthread_cleanup_push(0, 0);
|                      pthread_create(0,0,0,0); pthread_cleanup_pop(0);
|   ;
|   return 0;
| }
configure:4183: result: no
configure:4135: checking whether pthreads work with -pthreads
configure:4174: x86_64-w64-mingw32-gcc -o conftest.exe -g -O2 -mms-bitfields -pthreads -I/home/magnus/p/cackey-github/build/cackey_win64_build/include -mms-bitfields  conftest.c   >&5
x86_64-w64-mingw32-gcc: error: unrecognized option '-pthreads'
configure:4174: $? = 1
configure: failed program was:
| /* confdefs.h */
| #define PACKAGE_NAME "cackey"
| #define PACKAGE_TARNAME "cackey"
| #define PACKAGE_VERSION "0.6.6.201207191606"
| #define PACKAGE_STRING "cackey 0.6.6.201207191606"
| #define PACKAGE_BUGREPORT ""
| #define PACKAGE_URL ""
| #define STDC_HEADERS 1
| #define HAVE_SYS_TYPES_H 1
| #define HAVE_SYS_STAT_H 1
| #define HAVE_STDLIB_H 1
| #define HAVE_STRING_H 1
| #define HAVE_MEMORY_H 1
| #define HAVE_STRINGS_H 1
| #define HAVE_INTTYPES_H 1
| #define HAVE_STDINT_H 1
| #define HAVE_UNISTD_H 1
| #define __EXTENSIONS__ 1
| #define _ALL_SOURCE 1
| #define _GNU_SOURCE 1
| #define _POSIX_PTHREAD_SEMANTICS 1
| #define _TANDEM_SOURCE 1
| /* end confdefs.h.  */
| #include <pthread.h>
| int
| main ()
| {
| pthread_t th; pthread_join(th, 0);
|                      pthread_attr_init(0); pthread_cleanup_push(0, 0);
|                      pthread_create(0,0,0,0); pthread_cleanup_pop(0);
|   ;
|   return 0;
| }
configure:4183: result: no
configure:4135: checking whether pthreads work with -mthreads
configure:4174: x86_64-w64-mingw32-gcc -o conftest.exe -g -O2 -mms-bitfields -mthreads -I/home/magnus/p/cackey-github/build/cackey_win64_build/include -mms-bitfields  conftest.c   >&5
conftest.c: In function 'main':
conftest.c:30:22: error: invalid type argument of unary '*' (have 'int')
configure:4174: $? = 1
configure: failed program was:
| /* confdefs.h */
| #define PACKAGE_NAME "cackey"
| #define PACKAGE_TARNAME "cackey"
| #define PACKAGE_VERSION "0.6.6.201207191606"
| #define PACKAGE_STRING "cackey 0.6.6.201207191606"
| #define PACKAGE_BUGREPORT ""
| #define PACKAGE_URL ""
| #define STDC_HEADERS 1
| #define HAVE_SYS_TYPES_H 1
| #define HAVE_SYS_STAT_H 1
| #define HAVE_STDLIB_H 1
| #define HAVE_STRING_H 1
| #define HAVE_MEMORY_H 1
| #define HAVE_STRINGS_H 1
| #define HAVE_INTTYPES_H 1
| #define HAVE_STDINT_H 1
| #define HAVE_UNISTD_H 1
| #define __EXTENSIONS__ 1
| #define _ALL_SOURCE 1
| #define _GNU_SOURCE 1
| #define _POSIX_PTHREAD_SEMANTICS 1
| #define _TANDEM_SOURCE 1
| /* end confdefs.h.  */
| #include <pthread.h>
| int
| main ()
| {
| pthread_t th; pthread_join(th, 0);
|                      pthread_attr_init(0); pthread_cleanup_push(0, 0);
|                      pthread_create(0,0,0,0); pthread_cleanup_pop(0);
|   ;
|   return 0;
| }
configure:4183: result: no
configure:4135: checking whether pthreads work with --thread-safe
configure:4174: x86_64-w64-mingw32-gcc -o conftest.exe -g -O2 -mms-bitfields --thread-safe -I/home/magnus/p/cackey-github/build/cackey_win64_build/include -mms-bitfields  conftest.c   >&5
x86_64-w64-mingw32-gcc: error: unrecognized option '--thread-safe'
configure:4174: $? = 1
configure: failed program was:
| /* confdefs.h */
| #define PACKAGE_NAME "cackey"
| #define PACKAGE_TARNAME "cackey"
| #define PACKAGE_VERSION "0.6.6.201207191606"
| #define PACKAGE_STRING "cackey 0.6.6.201207191606"
| #define PACKAGE_BUGREPORT ""
| #define PACKAGE_URL ""
| #define STDC_HEADERS 1
| #define HAVE_SYS_TYPES_H 1
| #define HAVE_SYS_STAT_H 1
| #define HAVE_STDLIB_H 1
| #define HAVE_STRING_H 1
| #define HAVE_MEMORY_H 1
| #define HAVE_STRINGS_H 1
| #define HAVE_INTTYPES_H 1
| #define HAVE_STDINT_H 1
| #define HAVE_UNISTD_H 1
| #define __EXTENSIONS__ 1
| #define _ALL_SOURCE 1
| #define _GNU_SOURCE 1
| #define _POSIX_PTHREAD_SEMANTICS 1
| #define _TANDEM_SOURCE 1
| /* end confdefs.h.  */
| #include <pthread.h>
| int
| main ()
| {
| pthread_t th; pthread_join(th, 0);
|                      pthread_attr_init(0); pthread_cleanup_push(0, 0);
|                      pthread_create(0,0,0,0); pthread_cleanup_pop(0);
|   ;
|   return 0;
| }
configure:4183: result: no
configure:4135: checking whether pthreads work with -mt
configure:4174: x86_64-w64-mingw32-gcc -o conftest.exe -g -O2 -mms-bitfields -mt -I/home/magnus/p/cackey-github/build/cackey_win64_build/include -mms-bitfields  conftest.c   >&5
cc1: error: unrecognized command line option '-mt'
configure:4174: $? = 1
configure: failed program was:
| /* confdefs.h */
| #define PACKAGE_NAME "cackey"
| #define PACKAGE_TARNAME "cackey"
| #define PACKAGE_VERSION "0.6.6.201207191606"
| #define PACKAGE_STRING "cackey 0.6.6.201207191606"
| #define PACKAGE_BUGREPORT ""
| #define PACKAGE_URL ""
| #define STDC_HEADERS 1
| #define HAVE_SYS_TYPES_H 1
| #define HAVE_SYS_STAT_H 1
| #define HAVE_STDLIB_H 1
| #define HAVE_STRING_H 1
| #define HAVE_MEMORY_H 1
| #define HAVE_STRINGS_H 1
| #define HAVE_INTTYPES_H 1
| #define HAVE_STDINT_H 1
| #define HAVE_UNISTD_H 1
| #define __EXTENSIONS__ 1
| #define _ALL_SOURCE 1
| #define _GNU_SOURCE 1
| #define _POSIX_PTHREAD_SEMANTICS 1
| #define _TANDEM_SOURCE 1
| /* end confdefs.h.  */
| #include <pthread.h>
| int
| main ()
| {
| pthread_t th; pthread_join(th, 0);
|                      pthread_attr_init(0); pthread_cleanup_push(0, 0);
|                      pthread_create(0,0,0,0); pthread_cleanup_pop(0);
|   ;
|   return 0;
| }
configure:4183: result: no
configure:4327: WARNING: Can not figure out how to compile with pthreads support, run-time will likely fail.
configure:4342: checking for x86_64-w64-mingw32-ar
configure:4358: found /usr/bin/x86_64-w64-mingw32-ar
configure:4369: result: x86_64-w64-mingw32-ar
configure:4434: checking for x86_64-w64-mingw32-ranlib
configure:4450: found /usr/bin/x86_64-w64-mingw32-ranlib
configure:4461: result: x86_64-w64-mingw32-ranlib
configure:4532: checking for x86_64-w64-mingw32-objcopy
configure:4548: found /usr/bin/x86_64-w64-mingw32-objcopy
configure:4559: result: x86_64-w64-mingw32-objcopy
configure:4632: checking for x86_64-w64-mingw32-strip
configure:4648: found /usr/bin/x86_64-w64-mingw32-strip
configure:4659: result: x86_64-w64-mingw32-strip
configure:4759: checking for arpa/inet.h
configure:4759: x86_64-w64-mingw32-gcc -c -g -O2 -mms-bitfields -I/home/magnus/p/cackey-github/build/cackey_win64_build/include -mms-bitfields conftest.c >&5
conftest.c:72:23: fatal error: arpa/inet.h: No such file or directory
compilation terminated.
configure:4759: $? = 1
configure: failed program was:
| /* confdefs.h */
| #define PACKAGE_NAME "cackey"
| #define PACKAGE_TARNAME "cackey"
| #define PACKAGE_VERSION "0.6.6.201207191606"
| #define PACKAGE_STRING "cackey 0.6.6.201207191606"
| #define PACKAGE_BUGREPORT ""
| #define PACKAGE_URL ""
| #define STDC_HEADERS 1
| #define HAVE_SYS_TYPES_H 1
| #define HAVE_SYS_STAT_H 1
| #define HAVE_STDLIB_H 1
| #define HAVE_STRING_H 1
| #define HAVE_MEMORY_H 1
| #define HAVE_STRINGS_H 1
| #define HAVE_INTTYPES_H 1
| #define HAVE_STDINT_H 1
| #define HAVE_UNISTD_H 1
| #define __EXTENSIONS__ 1
| #define _ALL_SOURCE 1
| #define _GNU_SOURCE 1
| #define _POSIX_PTHREAD_SEMANTICS 1
| #define _TANDEM_SOURCE 1
| /* end confdefs.h.  */
| 
| #ifdef HAVE_ARPA_INET_H
| #  include <arpa/inet.h>
| #endif
| #ifdef HAVE_INTTYPES_H
| #  include <inttypes.h>
| #endif
| #ifdef HAVE_STDARG_H
| #  include <stdarg.h>
| #endif
| #ifdef HAVE_STDINT_H
| #  include <stdint.h>
| #endif
| #ifdef HAVE_STDIO_H
| #  include <stdio.h>
| #endif
| #ifdef HAVE_STDLIB_H
| #  include <stdlib.h>
| #endif
| #ifdef HAVE_STRING_H
| #  include <string.h>
| #endif
| #ifdef HAVE_SYS_SOCKET_H
| #  include <sys/socket.h>
| #endif
| #ifdef HAVE_SYS_TYPES_H
| #  include <sys/types.h>
| #endif
| #ifdef HAVE_SYS_UN_H
| #  include <sys/un.h>
| #endif
| #ifdef HAVE_UNISTD_H
| #  include <unistd.h>
| #endif
| #ifdef HAVE_TIME_H
| #  include <time.h>
| #endif
| #ifdef HAVE_PTHREAD_H
| #  include <pthread.h>
| #endif
| #ifdef HAVE_LIMITS_H
| #  include <limits.h>
| #endif
| #ifdef HAVE_ZLIB_H
| #  include <zlib.h>
| #endif
| 
| 
| #include <arpa/inet.h>
configure:4759: result: no
configure:4815: WARNING: Required header missing, compilation will likely fail.
configure:4759: checking for inttypes.h
configure:4759: result: yes
configure:4759: checking for stdarg.h
configure:4759: x86_64-w64-mingw32-gcc -c -g -O2 -mms-bitfields -I/home/magnus/p/cackey-github/build/cackey_win64_build/include -mms-bitfields conftest.c >&5
configure:4759: $? = 0
configure:4759: result: yes
configure:4759: checking for stdint.h
configure:4759: result: yes
configure:4759: checking for stdio.h
configure:4759: x86_64-w64-mingw32-gcc -c -g -O2 -mms-bitfields -I/home/magnus/p/cackey-github/build/cackey_win64_build/include -mms-bitfields conftest.c >&5
configure:4759: $? = 0
configure:4759: result: yes
configure:4759: checking for stdlib.h
configure:4759: result: yes
configure:4759: checking for string.h
configure:4759: result: yes
configure:4759: checking for sys/socket.h
configure:4759: x86_64-w64-mingw32-gcc -c -g -O2 -mms-bitfields -I/home/magnus/p/cackey-github/build/cackey_win64_build/include -mms-bitfields conftest.c >&5
conftest.c:78:24: fatal error: sys/socket.h: No such file or directory
compilation terminated.
configure:4759: $? = 1
configure: failed program was:
| /* confdefs.h */
| #define PACKAGE_NAME "cackey"
| #define PACKAGE_TARNAME "cackey"
| #define PACKAGE_VERSION "0.6.6.201207191606"
| #define PACKAGE_STRING "cackey 0.6.6.201207191606"
| #define PACKAGE_BUGREPORT ""
| #define PACKAGE_URL ""
| #define STDC_HEADERS 1
| #define HAVE_SYS_TYPES_H 1
| #define HAVE_SYS_STAT_H 1
| #define HAVE_STDLIB_H 1
| #define HAVE_STRING_H 1
| #define HAVE_MEMORY_H 1
| #define HAVE_STRINGS_H 1
| #define HAVE_INTTYPES_H 1
| #define HAVE_STDINT_H 1
| #define HAVE_UNISTD_H 1
| #define __EXTENSIONS__ 1
| #define _ALL_SOURCE 1
| #define _GNU_SOURCE 1
| #define _POSIX_PTHREAD_SEMANTICS 1
| #define _TANDEM_SOURCE 1
| #define HAVE_INTTYPES_H 1
| #define HAVE_STDARG_H 1
| #define HAVE_STDINT_H 1
| #define HAVE_STDIO_H 1
| #define HAVE_STDLIB_H 1
| #define HAVE_STRING_H 1
| /* end confdefs.h.  */
| 
| #ifdef HAVE_ARPA_INET_H
| #  include <arpa/inet.h>
| #endif
| #ifdef HAVE_INTTYPES_H
| #  include <inttypes.h>
| #endif
| #ifdef HAVE_STDARG_H
| #  include <stdarg.h>
| #endif
| #ifdef HAVE_STDINT_H
| #  include <stdint.h>
| #endif
| #ifdef HAVE_STDIO_H
| #  include <stdio.h>
| #endif
| #ifdef HAVE_STDLIB_H
| #  include <stdlib.h>
| #endif
| #ifdef HAVE_STRING_H
| #  include <string.h>
| #endif
| #ifdef HAVE_SYS_SOCKET_H
| #  include <sys/socket.h>
| #endif
| #ifdef HAVE_SYS_TYPES_H
| #  include <sys/types.h>
| #endif
| #ifdef HAVE_SYS_UN_H
| #  include <sys/un.h>
| #endif
| #ifdef HAVE_UNISTD_H
| #  include <unistd.h>
| #endif
| #ifdef HAVE_TIME_H
| #  include <time.h>
| #endif
| #ifdef HAVE_PTHREAD_H
| #  include <pthread.h>
| #endif
| #ifdef HAVE_LIMITS_H
| #  include <limits.h>
| #endif
| #ifdef HAVE_ZLIB_H
| #  include <zlib.h>
| #endif
| 
| 
| #include <sys/socket.h>
configure:4759: result: no
configure:4815: WARNING: Required header missing, compilation will likely fail.
configure:4759: checking for sys/types.h
configure:4759: result: yes
configure:4759: checking for sys/un.h
configure:4759: x86_64-w64-mingw32-gcc -c -g -O2 -mms-bitfields -I/home/magnus/p/cackey-github/build/cackey_win64_build/include -mms-bitfields conftest.c >&5
conftest.c:79:20: fatal error: sys/un.h: No such file or directory
compilation terminated.
configure:4759: $? = 1
configure: failed program was:
| /* confdefs.h */
| #define PACKAGE_NAME "cackey"
| #define PACKAGE_TARNAME "cackey"
| #define PACKAGE_VERSION "0.6.6.201207191606"
| #define PACKAGE_STRING "cackey 0.6.6.201207191606"
| #define PACKAGE_BUGREPORT ""
| #define PACKAGE_URL ""
| #define STDC_HEADERS 1
| #define HAVE_SYS_TYPES_H 1
| #define HAVE_SYS_STAT_H 1
| #define HAVE_STDLIB_H 1
| #define HAVE_STRING_H 1
| #define HAVE_MEMORY_H 1
| #define HAVE_STRINGS_H 1
| #define HAVE_INTTYPES_H 1
| #define HAVE_STDINT_H 1
| #define HAVE_UNISTD_H 1
| #define __EXTENSIONS__ 1
| #define _ALL_SOURCE 1
| #define _GNU_SOURCE 1
| #define _POSIX_PTHREAD_SEMANTICS 1
| #define _TANDEM_SOURCE 1
| #define HAVE_INTTYPES_H 1
| #define HAVE_STDARG_H 1
| #define HAVE_STDINT_H 1
| #define HAVE_STDIO_H 1
| #define HAVE_STDLIB_H 1
| #define HAVE_STRING_H 1
| #define HAVE_SYS_TYPES_H 1
| /* end confdefs.h.  */
| 
| #ifdef HAVE_ARPA_INET_H
| #  include <arpa/inet.h>
| #endif
| #ifdef HAVE_INTTYPES_H
| #  include <inttypes.h>
| #endif
| #ifdef HAVE_STDARG_H
| #  include <stdarg.h>
| #endif
| #ifdef HAVE_STDINT_H
| #  include <stdint.h>
| #endif
| #ifdef HAVE_STDIO_H
| #  include <stdio.h>
| #endif
| #ifdef HAVE_STDLIB_H
| #  include <stdlib.h>
| #endif
| #ifdef HAVE_STRING_H
| #  include <string.h>
| #endif
| #ifdef HAVE_SYS_SOCKET_H
| #  include <sys/socket.h>
| #endif
| #ifdef HAVE_SYS_TYPES_H
| #  include <sys/types.h>
| #endif
| #ifdef HAVE_SYS_UN_H
| #  include <sys/un.h>
| #endif
| #ifdef HAVE_UNISTD_H
| #  include <unistd.h>
| #endif
| #ifdef HAVE_TIME_H
| #  include <time.h>
| #endif
| #ifdef HAVE_PTHREAD_H
| #  include <pthread.h>
| #endif
| #ifdef HAVE_LIMITS_H
| #  include <limits.h>
| #endif
| #ifdef HAVE_ZLIB_H
| #  include <zlib.h>
| #endif
| 
| 
| #include <sys/un.h>
configure:4759: result: no
configure:4815: WARNING: Required header missing, compilation will likely fail.
configure:4759: checking for time.h
configure:4759: x86_64-w64-mingw32-gcc -c -g -O2 -mms-bitfields -I/home/magnus/p/cackey-github/build/cackey_win64_build/include -mms-bitfields conftest.c >&5
configure:4759: $? = 0
configure:4759: result: yes
configure:4759: checking for unistd.h
configure:4759: result: yes
configure:4759: checking for pthread.h
configure:4759: x86_64-w64-mingw32-gcc -c -g -O2 -mms-bitfields -I/home/magnus/p/cackey-github/build/cackey_win64_build/include -mms-bitfields conftest.c >&5
In file included from conftest.c:81:0:
/home/magnus/p/cackey-github/build/cackey_win64_build/include/pthread.h:17:0: warning: "_WIN32_WINNT" redefined [enabled by default]
/usr/lib/gcc/x86_64-w64-mingw32/4.6/../../../../x86_64-w64-mingw32/include/_mingw.h:229:0: note: this is the location of the previous definition
configure:4759: $? = 0
configure:4759: result: yes
configure:4759: checking for zlib.h
configure:4759: x86_64-w64-mingw32-gcc -c -g -O2 -mms-bitfields -I/home/magnus/p/cackey-github/build/cackey_win64_build/include -mms-bitfields conftest.c >&5
In file included from conftest.c:72:0:
/home/magnus/p/cackey-github/build/cackey_win64_build/include/pthread.h:17:0: warning: "_WIN32_WINNT" redefined [enabled by default]
/usr/lib/gcc/x86_64-w64-mingw32/4.6/../../../../x86_64-w64-mingw32/include/_mingw.h:229:0: note: this is the location of the previous definition
configure:4759: $? = 0
configure:4759: result: yes
configure:4759: checking for limits.h
configure:4759: x86_64-w64-mingw32-gcc -c -g -O2 -mms-bitfields -I/home/magnus/p/cackey-github/build/cackey_win64_build/include -mms-bitfields conftest.c >&5
In file included from conftest.c:73:0:
/home/magnus/p/cackey-github/build/cackey_win64_build/include/pthread.h:17:0: warning: "_WIN32_WINNT" redefined [enabled by default]
/usr/lib/gcc/x86_64-w64-mingw32/4.6/../../../../x86_64-w64-mingw32/include/_mingw.h:229:0: note: this is the location of the previous definition
configure:4759: $? = 0
configure:4759: result: yes
configure:4842: checking wintypes.h usability
configure:4842: x86_64-w64-mingw32-gcc -c -g -O2 -mms-bitfields -I/home/magnus/p/cackey-github/build/cackey_win64_build/include -I/home/magnus/p/cackey-github/build/cackey_win64_build/include -mms-bitfields -I/home/magnus/p/cackey-github/build/cackey_win64_build/include conftest.c >&5
conftest.c:69:22: fatal error: wintypes.h: No such file or directory
compilation terminated.
configure:4842: $? = 1
configure: failed program was:
| /* confdefs.h */
| #define PACKAGE_NAME "cackey"
| #define PACKAGE_TARNAME "cackey"
| #define PACKAGE_VERSION "0.6.6.201207191606"
| #define PACKAGE_STRING "cackey 0.6.6.201207191606"
| #define PACKAGE_BUGREPORT ""
| #define PACKAGE_URL ""
| #define STDC_HEADERS 1
| #define HAVE_SYS_TYPES_H 1
| #define HAVE_SYS_STAT_H 1
| #define HAVE_STDLIB_H 1
| #define HAVE_STRING_H 1
| #define HAVE_MEMORY_H 1
| #define HAVE_STRINGS_H 1
| #define HAVE_INTTYPES_H 1
| #define HAVE_STDINT_H 1
| #define HAVE_UNISTD_H 1
| #define __EXTENSIONS__ 1
| #define _ALL_SOURCE 1
| #define _GNU_SOURCE 1
| #define _POSIX_PTHREAD_SEMANTICS 1
| #define _TANDEM_SOURCE 1
| #define HAVE_INTTYPES_H 1
| #define HAVE_STDARG_H 1
| #define HAVE_STDINT_H 1
| #define HAVE_STDIO_H 1
| #define HAVE_STDLIB_H 1
| #define HAVE_STRING_H 1
| #define HAVE_SYS_TYPES_H 1
| #define HAVE_TIME_H 1
| #define HAVE_UNISTD_H 1
| #define HAVE_PTHREAD_H 1
| #define HAVE_ZLIB_H 1
| #define HAVE_LIMITS_H 1
| /* end confdefs.h.  */
| #include <stdio.h>
| #ifdef HAVE_SYS_TYPES_H
| # include <sys/types.h>
| #endif
| #ifdef HAVE_SYS_STAT_H
| # include <sys/stat.h>
| #endif
| #ifdef STDC_HEADERS
| # include <stdlib.h>
| # include <stddef.h>
| #else
| # ifdef HAVE_STDLIB_H
| #  include <stdlib.h>
| # endif
| #endif
| #ifdef HAVE_STRING_H
| # if !defined STDC_HEADERS && defined HAVE_MEMORY_H
| #  include <memory.h>
| # endif
| # include <string.h>
| #endif
| #ifdef HAVE_STRINGS_H
| # include <strings.h>
| #endif
| #ifdef HAVE_INTTYPES_H
| # include <inttypes.h>
| #endif
| #ifdef HAVE_STDINT_H
| # include <stdint.h>
| #endif
| #ifdef HAVE_UNISTD_H
| # include <unistd.h>
| #endif
| #include <wintypes.h>
configure:4842: result: no
configure:4842: checking wintypes.h presence
configure:4842: x86_64-w64-mingw32-gcc -E -I/home/magnus/p/cackey-github/build/cackey_win64_build/include -mms-bitfields -I/home/magnus/p/cackey-github/build/cackey_win64_build/include conftest.c
conftest.c:36:22: fatal error: wintypes.h: No such file or directory
compilation terminated.
configure:4842: $? = 1
configure: failed program was:
| /* confdefs.h */
| #define PACKAGE_NAME "cackey"
| #define PACKAGE_TARNAME "cackey"
| #define PACKAGE_VERSION "0.6.6.201207191606"
| #define PACKAGE_STRING "cackey 0.6.6.201207191606"
| #define PACKAGE_BUGREPORT ""
| #define PACKAGE_URL ""
| #define STDC_HEADERS 1
| #define HAVE_SYS_TYPES_H 1
| #define HAVE_SYS_STAT_H 1
| #define HAVE_STDLIB_H 1
| #define HAVE_STRING_H 1
| #define HAVE_MEMORY_H 1
| #define HAVE_STRINGS_H 1
| #define HAVE_INTTYPES_H 1
| #define HAVE_STDINT_H 1
| #define HAVE_UNISTD_H 1
| #define __EXTENSIONS__ 1
| #define _ALL_SOURCE 1
| #define _GNU_SOURCE 1
| #define _POSIX_PTHREAD_SEMANTICS 1
| #define _TANDEM_SOURCE 1
| #define HAVE_INTTYPES_H 1
| #define HAVE_STDARG_H 1
| #define HAVE_STDINT_H 1
| #define HAVE_STDIO_H 1
| #define HAVE_STDLIB_H 1
| #define HAVE_STRING_H 1
| #define HAVE_SYS_TYPES_H 1
| #define HAVE_TIME_H 1
| #define HAVE_UNISTD_H 1
| #define HAVE_PTHREAD_H 1
| #define HAVE_ZLIB_H 1
| #define HAVE_LIMITS_H 1
| /* end confdefs.h.  */
| #include <wintypes.h>
configure:4842: result: no
configure:4842: checking for wintypes.h
configure:4842: result: no
configure:4853: checking pcsclite.h usability
configure:4853: x86_64-w64-mingw32-gcc -c -g -O2 -mms-bitfields -I/home/magnus/p/cackey-github/build/cackey_win64_build/include -I/home/magnus/p/cackey-github/build/cackey_win64_build/include -mms-bitfields -I/home/magnus/p/cackey-github/build/cackey_win64_build/include conftest.c >&5
configure:4853: $? = 0
configure:4853: result: yes
configure:4853: checking pcsclite.h presence
configure:4853: x86_64-w64-mingw32-gcc -E -I/home/magnus/p/cackey-github/build/cackey_win64_build/include -mms-bitfields -I/home/magnus/p/cackey-github/build/cackey_win64_build/include conftest.c
configure:4853: $? = 0
configure:4853: result: yes
configure:4853: checking for pcsclite.h
configure:4853: result: yes
configure:4864: checking winscard.h usability
configure:4864: x86_64-w64-mingw32-gcc -c -g -O2 -mms-bitfields -I/home/magnus/p/cackey-github/build/cackey_win64_build/include -I/home/magnus/p/cackey-github/build/cackey_win64_build/include -mms-bitfields -I/home/magnus/p/cackey-github/build/cackey_win64_build/include conftest.c >&5
configure:4864: $? = 0
configure:4864: result: yes
configure:4864: checking winscard.h presence
configure:4864: x86_64-w64-mingw32-gcc -E -I/home/magnus/p/cackey-github/build/cackey_win64_build/include -mms-bitfields -I/home/magnus/p/cackey-github/build/cackey_win64_build/include conftest.c
configure:4864: $? = 0
configure:4864: result: yes
configure:4864: checking for winscard.h
configure:4864: result: yes
configure:5046: checking for uncompress in -lz
configure:5071: x86_64-w64-mingw32-gcc -o conftest.exe -g -O2 -mms-bitfields -I/home/magnus/p/cackey-github/build/cackey_win64_build/include -I/home/magnus/p/cackey-github/build/cackey_win64_build/include -mms-bitfields -I/home/magnus/p/cackey-github/build/cackey_win64_build/include  conftest.c -lz   -L/home/magnus/p/cackey-github/build/cackey_win64_build/lib -lwinscard >&5
configure:5071: $? = 0
configure:5080: result: yes
configure:5092: checking if basic PC/SC program works
configure:5154: x86_64-w64-mingw32-gcc -o conftest.exe -g -O2 -mms-bitfields -I/home/magnus/p/cackey-github/build/cackey_win64_build/include -I/home/magnus/p/cackey-github/build/cackey_win64_build/include -mms-bitfields -I/home/magnus/p/cackey-github/build/cackey_win64_build/include  conftest.c -lz  -L/home/magnus/p/cackey-github/build/cackey_win64_build/lib -lwinscard >&5
In file included from conftest.c:65:0:
/home/magnus/p/cackey-github/build/cackey_win64_build/include/pthread.h:17:0: warning: "_WIN32_WINNT" redefined [enabled by default]
/usr/lib/gcc/x86_64-w64-mingw32/4.6/../../../../x86_64-w64-mingw32/include/_mingw.h:229:0: note: this is the location of the previous definition
configure:5154: $? = 0
configure:5156: result: okay
configure:5187: checking for how to set version script
configure:5203: x86_64-w64-mingw32-gcc -o conftest.exe -g -O2 -mms-bitfields -I/home/magnus/p/cackey-github/build/cackey_win64_build/include -I/home/magnus/p/cackey-github/build/cackey_win64_build/include -mms-bitfields -I/home/magnus/p/cackey-github/build/cackey_win64_build/include  -Wl,--version-script -Wl,libcackey.vers conftest.c -lz  -L/home/magnus/p/cackey-github/build/cackey_win64_build/lib -lwinscard >&5
configure:5203: $? = 0
configure:5220: result: -Wl,--version-script -Wl,libcackey.vers
configure:5245: x86_64-w64-mingw32-gcc -o conftest.exe -g -O2 -mms-bitfields -I/home/magnus/p/cackey-github/build/cackey_win64_build/include -I/home/magnus/p/cackey-github/build/cackey_win64_build/include -mms-bitfields -I/home/magnus/p/cackey-github/build/cackey_win64_build/include  -Wl,--version-script -Wl,libcackey.vers -Wl,-rpath -Wl,/tmp conftest.c -lz  -L/home/magnus/p/cackey-github/build/cackey_win64_build/lib -lwinscard >&5
configure:5245: $? = 0
configure:5385: creating ./config.status

## ---------------------- ##
## Running config.status. ##
## ---------------------- ##

This file was extended by cackey config.status 0.6.6.201207191606, which was
generated by GNU Autoconf 2.65.  Invocation command line was

  CONFIG_FILES    = 
  CONFIG_HEADERS  = 
  CONFIG_LINKS    = 
  CONFIG_COMMANDS = 
  $ ./config.status 

on ip-10-178-46-98

config.status:851: creating Makefile
config.status:851: creating libcackey.syms
config.status:851: creating config.h

## ---------------- ##
## Cache variables. ##
## ---------------- ##

ac_cv_build=x86_64-unknown-linux-gnu
ac_cv_c_compiler_gnu=yes
ac_cv_env_CC_set=
ac_cv_env_CC_value=
ac_cv_env_CFLAGS_set=
ac_cv_env_CFLAGS_value=
ac_cv_env_CPPFLAGS_set=set
ac_cv_env_CPPFLAGS_value=-I/home/magnus/p/cackey-github/build/cackey_win64_build/include
ac_cv_env_CPP_set=
ac_cv_env_CPP_value=
ac_cv_env_LDFLAGS_set=
ac_cv_env_LDFLAGS_value=
ac_cv_env_LIBS_set=
ac_cv_env_LIBS_value=
ac_cv_env_build_alias_set=
ac_cv_env_build_alias_value=
ac_cv_env_host_alias_set=set
ac_cv_env_host_alias_value=x86_64-w64-mingw32
ac_cv_env_target_alias_set=
ac_cv_env_target_alias_value=
ac_cv_exeext=.exe
ac_cv_header_arpa_inet_h=no
ac_cv_header_inttypes_h=yes
ac_cv_header_limits_h=yes
ac_cv_header_memory_h=yes
ac_cv_header_minix_config_h=no
ac_cv_header_pcsclite_h=yes
ac_cv_header_pthread_h=yes
ac_cv_header_stdarg_h=yes
ac_cv_header_stdc=yes
ac_cv_header_stdint_h=yes
ac_cv_header_stdio_h=yes
ac_cv_header_stdlib_h=yes
ac_cv_header_string_h=yes
ac_cv_header_strings_h=yes
ac_cv_header_sys_socket_h=no
ac_cv_header_sys_stat_h=yes
ac_cv_header_sys_types_h=yes
ac_cv_header_sys_un_h=no
ac_cv_header_time_h=yes
ac_cv_header_unistd_h=yes
ac_cv_header_winscard_h=yes
ac_cv_header_wintypes_h=no
ac_cv_header_zlib_h=yes
ac_cv_host=x86_64-w64-mingw32
ac_cv_lib_z_uncompress=yes
ac_cv_objext=o
ac_cv_path_EGREP='/bin/grep -E'
ac_cv_path_GREP=/bin/grep
ac_cv_path_install='/usr/bin/install -c'
ac_cv_prog_AR=x86_64-w64-mingw32-ar
ac_cv_prog_CC=x86_64-w64-mingw32-gcc
ac_cv_prog_CPP='x86_64-w64-mingw32-gcc -E'
ac_cv_prog_OBJCOPY=x86_64-w64-mingw32-objcopy
ac_cv_prog_RANLIB=x86_64-w64-mingw32-ranlib
ac_cv_prog_STRIP=x86_64-w64-mingw32-strip
ac_cv_prog_cc_c89=
ac_cv_prog_cc_g=yes
ac_cv_prog_make_make_set=yes
ac_cv_safe_to_define___extensions__=yes

## ----------------- ##
## Output variables. ##
## ----------------- ##

AR='x86_64-w64-mingw32-ar'
AREXT='a'
CC='x86_64-w64-mingw32-gcc'
CFLAGS='-g -O2 -mms-bitfields -I/home/magnus/p/cackey-github/build/cackey_win64_build/include'
CPP='x86_64-w64-mingw32-gcc -E'
CPPFLAGS='-I/home/magnus/p/cackey-github/build/cackey_win64_build/include -mms-bitfields -I/home/magnus/p/cackey-github/build/cackey_win64_build/include'
DEFS='-DHAVE_CONFIG_H'
ECHO_C=''
ECHO_N='-n'
ECHO_T=''
EGREP='/bin/grep -E'
EXEEXT='.exe'
GREP='/bin/grep'
INSTALL_DATA='${INSTALL} -m 644'
INSTALL_PROGRAM='${INSTALL}'
INSTALL_SCRIPT='${INSTALL}'
LDFLAGS=' -Wl,--version-script -Wl,libcackey.vers '
LIBOBJS=''
LIBS='-lz  -L/home/magnus/p/cackey-github/build/cackey_win64_build/lib -lwinscard'
LTLIBOBJS=''
OBJCOPY='x86_64-w64-mingw32-objcopy'
OBJEXT='o'
PACKAGE_BUGREPORT=''
PACKAGE_NAME='cackey'
PACKAGE_STRING='cackey 0.6.6.201207191606'
PACKAGE_TARNAME='cackey'
PACKAGE_URL=''
PACKAGE_VERSION='0.6.6.201207191606'
PATH_SEPARATOR=':'
PTHREAD_CC='x86_64-w64-mingw32-gcc'
PTHREAD_CFLAGS=''
PTHREAD_LIBS=''
RANLIB='x86_64-w64-mingw32-ranlib'
REMOVESYMS='x86_64-w64-mingw32-objcopy --discard-all'
SET_MAKE=''
SHELL='/bin/bash'
SHLIBOBJS=''
SHOBJEXT='dll'
SHOBJFLAGS='-DPIC'
SHOBJLDFLAGS='-shared -Wl,--dll -Wl,--enable-auto-image-base -Wl,--output-def,$@.def,--out-implib,$@.a'
STRIP='x86_64-w64-mingw32-strip'
SYMPREFIX=''
WEAKENSYMS='x86_64-w64-mingw32-objcopy --keep-global-symbols=libcackey.syms'
ac_ct_CC=''
ac_ct_OBJCOPY=''
ac_ct_STRIP=''
bindir='${exec_prefix}/bin'
build='x86_64-unknown-linux-gnu'
build_alias=''
build_cpu='x86_64'
build_os='linux-gnu'
build_vendor='unknown'
datadir='${datarootdir}'
datarootdir='${prefix}/share'
docdir='${datarootdir}/doc/${PACKAGE_TARNAME}'
dvidir='${docdir}'
exec_prefix='${prefix}'
host='x86_64-w64-mingw32'
host_alias='x86_64-w64-mingw32'
host_cpu='x86_64'
host_os='mingw32'
host_vendor='w64'
htmldir='${docdir}'
includedir='${prefix}/include'
infodir='${datarootdir}/info'
libdir='${exec_prefix}/lib'
libexecdir='${exec_prefix}/libexec'
localedir='${datarootdir}/locale'
localstatedir='${prefix}/var'
mandir='${datarootdir}/man'
oldincludedir='/usr/include'
pdfdir='${docdir}'
prefix='/usr/local'
program_transform_name='s,x,x,'
psdir='${docdir}'
sbindir='${exec_prefix}/sbin'
sharedstatedir='${prefix}/com'
sysconfdir='${prefix}/etc'
target_alias=''

## ----------- ##
## confdefs.h. ##
## ----------- ##

/* confdefs.h */
#define PACKAGE_NAME "cackey"
#define PACKAGE_TARNAME "cackey"
#define PACKAGE_VERSION "0.6.6.201207191606"
#define PACKAGE_STRING "cackey 0.6.6.201207191606"
#define PACKAGE_BUGREPORT ""
#define PACKAGE_URL ""
#define STDC_HEADERS 1
#define HAVE_SYS_TYPES_H 1
#define HAVE_SYS_STAT_H 1
#define HAVE_STDLIB_H 1
#define HAVE_STRING_H 1
#define HAVE_MEMORY_H 1
#define HAVE_STRINGS_H 1
#define HAVE_INTTYPES_H 1
#define HAVE_STDINT_H 1
#define HAVE_UNISTD_H 1
#define __EXTENSIONS__ 1
#define _ALL_SOURCE 1
#define _GNU_SOURCE 1
#define _POSIX_PTHREAD_SEMANTICS 1
#define _TANDEM_SOURCE 1
#define HAVE_INTTYPES_H 1
#define HAVE_STDARG_H 1
#define HAVE_STDINT_H 1
#define HAVE_STDIO_H 1
#define HAVE_STDLIB_H 1
#define HAVE_STRING_H 1
#define HAVE_SYS_TYPES_H 1
#define HAVE_TIME_H 1
#define HAVE_UNISTD_H 1
#define HAVE_PTHREAD_H 1
#define HAVE_ZLIB_H 1
#define HAVE_LIMITS_H 1
#define HAVE_PCSCLITE_H 1
#define HAVE_WINSCARD_H 1
#define HAVE_LIBZ 1

configure: exit 0
